2018-06-25 12:47:31,268 ERROR takePhoto KFQQY502;吴江经济技术开发区发展总公司;0,0
2018-06-25 12:51:02,412 ERROR takePhoto KFQQY575;英格索兰（中国）工业设备制造;0,0
2018-06-25 12:51:11,175 ERROR takePhoto KFQQY538;精元（中国）重工厂;0,0
2018-06-25 12:51:37,082 ERROR takePhoto KFQQY575;英格索兰（中国）工业设备制造;0,0
2018-06-25 12:51:47,911 ERROR takePhoto KFQQY586;艾西依机械科技
2018-06-25 12:51:55,069 ERROR takePhoto KFQQY636;特意科汽车部件;0,0
2018-06-25 12:51:59,309 ERROR takePhoto KFQQY575;英格索兰（中国）工业设备制造;0,0
2018-06-25 12:52:02,900 ERROR takePhoto KFQQY702;金凌;0,0
2018-06-25 12:52:10,645 ERROR takePhoto KFQQY740;泰
2018-06-25 12:52:16,848 ERROR takePhoto KFQQY744;中达电子（江苏）有限公司、,中达光电工业（吴江）有限公司,中达电子零组件（吴江）有限公司;0,0
2018-06-25 12:52:20,899 ERROR takePhoto KFQQY740;泰
2018-06-25 12:52:26,574 ERROR takePhoto KFQQY403;萌权（吴江）电子有限公司,坤德（吴江）电子零件有限公司,苏州莹隆模具有限公司,苏州同泰印刷有限公司,吴江;0,0
2018-06-25 12:52:29,872 ERROR takePhoto KFQQY716;苏州明舟机械有限公司;0,0
2018-06-25 12:52:34,633 ERROR takePhoto KFQQY794;福华;0,0
2018-06-25 12:52:46,655 ERROR takePhoto KFQQY461;南玻华东工程玻璃;0,0
2018-06-25 12:53:13,056 ERROR takePhoto KFQQY537;吴江经济技术开发区发展总公司;0,0
2018-06-25 12:53:23,911 ERROR takePhoto KFQQY529;茂群电子;0,0
2018-06-25 12:53:30,621 ERROR takePhoto KFQQY705;苏州久福农业装备有限公司;0,0
2018-06-25 13:06:18,831 ERROR takePhoto KFQQY449;
2018-06-25 13:06:26,606 ERROR takePhoto KFQQY449;
2018-06-25 13:06:32,239 ERROR takePhoto KFQQY449;
2018-06-25 13:07:17,231 ERROR takePhoto KFQQY449;
2018-06-25 13:09:17,094 ERROR takePhoto KFQQY449;
2018-06-25 13:28:28,422 ERROR takePhoto KFQQY461;南玻华东工程玻璃;0,0
2018-06-25 21:55:58,884 ERROR takePhoto KFQQY549;和泰科技(吴江)有限公司;0,0
2018-06-25 21:56:56,216 ERROR takePhoto KFQQY549;和泰科技(吴江)有限公司;0,0
2018-06-25 22:08:48,521 ERROR takePhoto KFQQY549;和泰科技(吴江)有限公司;0,0






2018-06-25 22:52:25,949 ERROR takePhoto KFQQY549;和泰科技(吴江)有限公司;0,0
2018-06-25 22:57:59,809 ERROR takePhoto KFQQY549;和泰科技(吴江)有限公司;0,0
